2023-01-20 17:28:28.877  INFO 14064 --- [restartedMain] com.mindskip.xzs.XzsApplication          : Starting XzsApplication on USER-20191206UX with PID 14064 (started by Administrator in D:\IntelliJ IDEA 2021.1.1\projects\xzs-mysql-master\xzs-mysql-master\source\xzs)
2023-01-20 17:28:28.886  INFO 14064 --- [restartedMain] com.mindskip.xzs.XzsApplication          : The following profiles are active: dev
2023-01-20 17:28:29.056  INFO 14064 --- [restartedMain] .e.DevToolsPropertyDefaultsPostProcessor : Devtools property defaults active! Set 'spring.devtools.add-properties' to 'false' to disable
2023-01-20 17:28:29.057  INFO 14064 --- [restartedMain] .e.DevToolsPropertyDefaultsPostProcessor : For additional web related logging consider setting the 'logging.level.web' property to 'DEBUG'
2023-01-20 17:28:33.860  WARN 14064 --- [restartedMain] io.undertow.websockets.jsr               : UT026010: Buffer pool was not set on WebSocketDeploymentInfo, the default pool will be used
2023-01-20 17:28:33.897  INFO 14064 --- [restartedMain] io.undertow.servlet                      : Initializing Spring embedded WebApplicationContext
2023-01-20 17:28:33.898  INFO 14064 --- [restartedMain] o.s.web.context.ContextLoader            : Root WebApplicationContext: initialization completed in 4840 ms
2023-01-20 17:28:35.719  INFO 14064 --- [restartedMain] o.s.s.web.DefaultSecurityFilterChain     : Creating filter chain: any request, [org.springframework.security.web.context.request.async.WebAsyncManagerIntegrationFilter@4110958b, org.springframework.security.web.context.SecurityContextPersistenceFilter@418a0337, org.springframework.security.web.header.HeaderWriterFilter@54a048b, org.springframework.web.filter.CorsFilter@4764e0f7, org.springframework.security.web.authentication.logout.LogoutFilter@50d5c1d4, com.mindskip.xzs.configuration.spring.security.RestLoginAuthenticationFilter@40125ef7, org.springframework.security.web.authentication.UsernamePasswordAuthenticationFilter@634db634, org.springframework.security.web.savedrequest.RequestCacheAwareFilter@2713456d, org.springframework.security.web.servletapi.SecurityContextHolderAwareRequestFilter@7c9b32e6, org.springframework.security.web.authentication.rememberme.RememberMeAuthenticationFilter@55c7b409, org.springframework.security.web.authentication.AnonymousAuthenticationFilter@13daf1a2, org.springframework.security.web.session.SessionManagementFilter@24898d44, org.springframework.security.web.access.ExceptionTranslationFilter@7568be5, org.springframework.security.web.access.intercept.FilterSecurityInterceptor@7ad127b]
2023-01-20 17:28:36.584  INFO 14064 --- [restartedMain] o.s.b.d.a.OptionalLiveReloadServer       : LiveReload server is running on port 35729
2023-01-20 17:28:36.696  INFO 14064 --- [restartedMain] org.xnio                                 : XNIO version 3.3.8.Final
2023-01-20 17:28:36.732  INFO 14064 --- [restartedMain] org.xnio.nio                             : XNIO NIO Implementation Version 3.3.8.Final
2023-01-20 17:28:36.886  INFO 14064 --- [restartedMain] o.s.b.w.e.u.UndertowServletWebServer     : Undertow started on port(s) 8000 (http) with context path ''
2023-01-20 17:28:36.894  INFO 14064 --- [restartedMain] com.mindskip.xzs.XzsApplication          : Started XzsApplication in 9.923 seconds (JVM running for 13.733)
2023-01-20 17:47:41.945  INFO 14128 --- [restartedMain] com.mindskip.xzs.XzsApplication          : Starting XzsApplication on USER-20191206UX with PID 14128 (started by Administrator in D:\IntelliJ IDEA 2021.1.1\projects\xzs-mysql-master\xzs-mysql-master\source\xzs)
2023-01-20 17:47:41.959  INFO 14128 --- [restartedMain] com.mindskip.xzs.XzsApplication          : The following profiles are active: dev
2023-01-20 17:47:42.454  INFO 14128 --- [restartedMain] .e.DevToolsPropertyDefaultsPostProcessor : Devtools property defaults active! Set 'spring.devtools.add-properties' to 'false' to disable
2023-01-20 17:47:42.464  INFO 14128 --- [restartedMain] .e.DevToolsPropertyDefaultsPostProcessor : For additional web related logging consider setting the 'logging.level.web' property to 'DEBUG'
2023-01-20 17:47:50.276  WARN 14128 --- [restartedMain] io.undertow.websockets.jsr               : UT026010: Buffer pool was not set on WebSocketDeploymentInfo, the default pool will be used
2023-01-20 17:47:50.407  INFO 14128 --- [restartedMain] io.undertow.servlet                      : Initializing Spring embedded WebApplicationContext
2023-01-20 17:47:50.408  INFO 14128 --- [restartedMain] o.s.web.context.ContextLoader            : Root WebApplicationContext: initialization completed in 7941 ms
2023-01-20 17:47:54.234  INFO 14956 --- [restartedMain] com.mindskip.xzs.XzsApplication          : Starting XzsApplication on USER-20191206UX with PID 14956 (started by Administrator in D:\IntelliJ IDEA 2021.1.1\projects\xzs-mysql-master\xzs-mysql-master\source\xzs)
2023-01-20 17:47:54.255  INFO 14956 --- [restartedMain] com.mindskip.xzs.XzsApplication          : The following profiles are active: dev
2023-01-20 17:47:54.501  INFO 14956 --- [restartedMain] .e.DevToolsPropertyDefaultsPostProcessor : Devtools property defaults active! Set 'spring.devtools.add-properties' to 'false' to disable
2023-01-20 17:47:54.502  INFO 14956 --- [restartedMain] .e.DevToolsPropertyDefaultsPostProcessor : For additional web related logging consider setting the 'logging.level.web' property to 'DEBUG'
2023-01-20 17:47:55.803  INFO 14128 --- [restartedMain] o.s.s.web.DefaultSecurityFilterChain     : Creating filter chain: any request, [org.springframework.security.web.context.request.async.WebAsyncManagerIntegrationFilter@6390d7f8, org.springframework.security.web.context.SecurityContextPersistenceFilter@70d0340e, org.springframework.security.web.header.HeaderWriterFilter@1c3eb34b, org.springframework.web.filter.CorsFilter@398f2fe2, org.springframework.security.web.authentication.logout.LogoutFilter@73fbbf35, com.mindskip.xzs.configuration.spring.security.RestLoginAuthenticationFilter@5106dbd9, org.springframework.security.web.authentication.UsernamePasswordAuthenticationFilter@7bf939cd, org.springframework.security.web.savedrequest.RequestCacheAwareFilter@43e3b347, org.springframework.security.web.servletapi.SecurityContextHolderAwareRequestFilter@4b1a72f1, org.springframework.security.web.authentication.rememberme.RememberMeAuthenticationFilter@6a62b813, org.springframework.security.web.authentication.AnonymousAuthenticationFilter@70ca873b, org.springframework.security.web.session.SessionManagementFilter@6c259d2b, org.springframework.security.web.access.ExceptionTranslationFilter@6c72d022, org.springframework.security.web.access.intercept.FilterSecurityInterceptor@2ea77c80]
2023-01-20 17:47:56.778  INFO 14128 --- [restartedMain] o.s.b.d.a.OptionalLiveReloadServer       : LiveReload server is running on port 35729
2023-01-20 17:47:56.903  INFO 14128 --- [restartedMain] org.xnio                                 : XNIO version 3.3.8.Final
2023-01-20 17:47:56.926  INFO 14128 --- [restartedMain] org.xnio.nio                             : XNIO NIO Implementation Version 3.3.8.Final
2023-01-20 17:47:57.081  INFO 14128 --- [restartedMain] o.s.b.w.e.u.UndertowServletWebServer     : Undertow started on port(s) 8000 (http) with context path ''
2023-01-20 17:47:57.093  INFO 14128 --- [restartedMain] com.mindskip.xzs.XzsApplication          : Started XzsApplication in 17.359 seconds (JVM running for 21.186)
2023-01-20 17:47:58.548  WARN 14956 --- [restartedMain] io.undertow.websockets.jsr               : UT026010: Buffer pool was not set on WebSocketDeploymentInfo, the default pool will be used
2023-01-20 17:47:58.610  INFO 14956 --- [restartedMain] io.undertow.servlet                      : Initializing Spring embedded WebApplicationContext
2023-01-20 17:47:58.611  INFO 14956 --- [restartedMain] o.s.web.context.ContextLoader            : Root WebApplicationContext: initialization completed in 4107 ms
2023-01-20 17:48:01.239  INFO 14956 --- [restartedMain] o.s.s.web.DefaultSecurityFilterChain     : Creating filter chain: any request, [org.springframework.security.web.context.request.async.WebAsyncManagerIntegrationFilter@22d6753f, org.springframework.security.web.context.SecurityContextPersistenceFilter@241ace4f, org.springframework.security.web.header.HeaderWriterFilter@4d2f49fd, org.springframework.web.filter.CorsFilter@5dc37956, org.springframework.security.web.authentication.logout.LogoutFilter@40bc3e29, com.mindskip.xzs.configuration.spring.security.RestLoginAuthenticationFilter@3fb155e6, org.springframework.security.web.authentication.UsernamePasswordAuthenticationFilter@31ccf577, org.springframework.security.web.savedrequest.RequestCacheAwareFilter@43fa3b24, org.springframework.security.web.servletapi.SecurityContextHolderAwareRequestFilter@3d64b3c1, org.springframework.security.web.authentication.rememberme.RememberMeAuthenticationFilter@183aae52, org.springframework.security.web.authentication.AnonymousAuthenticationFilter@1e7ec97f, org.springframework.security.web.session.SessionManagementFilter@6f67b8fb, org.springframework.security.web.access.ExceptionTranslationFilter@5a013683, org.springframework.security.web.access.intercept.FilterSecurityInterceptor@4ee3568c]
2023-01-20 17:48:02.285  WARN 14956 --- [restartedMain] o.s.b.d.a.OptionalLiveReloadServer       : Unable to start LiveReload server
2023-01-20 17:48:02.429  INFO 14956 --- [restartedMain] org.xnio                                 : XNIO version 3.3.8.Final
2023-01-20 17:48:02.450  INFO 14956 --- [restartedMain] org.xnio.nio                             : XNIO NIO Implementation Version 3.3.8.Final
2023-01-20 17:48:02.608  INFO 14956 --- [restartedMain] ConditionEvaluationReportLoggingListener : 

Error starting ApplicationContext. To display the conditions report re-run your application with 'debug' enabled.
2023-01-20 17:48:02.617 ERROR 14956 --- [restartedMain] o.s.b.d.LoggingFailureAnalysisReporter   : 

***************************
APPLICATION FAILED TO START
***************************

Description:

Web server failed to start. Port 8000 was already in use.

Action:

Identify and stop the process that's listening on port 8000 or configure this application to listen on another port.

2023-01-20 19:38:19.091  INFO 14128 --- [XNIO-1 task-1] io.undertow.servlet                      : Initializing Spring DispatcherServlet 'dispatcherServlet'
2023-01-20 19:38:19.092  INFO 14128 --- [XNIO-1 task-1] o.s.web.servlet.DispatcherServlet        : Initializing Servlet 'dispatcherServlet'
2023-01-20 19:38:19.119  INFO 14128 --- [XNIO-1 task-1] o.s.web.servlet.DispatcherServlet        : Completed initialization in 26 ms
2023-01-20 19:38:48.767  INFO 14128 --- [XNIO-1 task-3] com.zaxxer.hikari.HikariDataSource       : HikariPool-1 - Starting...
2023-01-20 19:38:50.119 ERROR 14128 --- [XNIO-1 task-3] com.zaxxer.hikari.pool.HikariPool        : HikariPool-1 - Exception during pool initialization.

java.sql.SQLException: Access denied for user 'root'@'localhost' (using password: YES)
	at com.mysql.cj.jdbc.exceptions.SQLError.createSQLException(SQLError.java:129)
	at com.mysql.cj.jdbc.exceptions.SQLError.createSQLException(SQLError.java:97)
	at com.mysql.cj.jdbc.exceptions.SQLExceptionsMapping.translateException(SQLExceptionsMapping.java:122)
	at com.mysql.cj.jdbc.ConnectionImpl.createNewIO(ConnectionImpl.java:827)
	at com.mysql.cj.jdbc.ConnectionImpl.<init>(ConnectionImpl.java:447)
	at com.mysql.cj.jdbc.ConnectionImpl.getInstance(ConnectionImpl.java:237)
	at com.mysql.cj.jdbc.NonRegisteringDriver.connect(NonRegisteringDriver.java:199)
	at com.zaxxer.hikari.util.DriverDataSource.getConnection(DriverDataSource.java:136)
	at com.zaxxer.hikari.pool.PoolBase.newConnection(PoolBase.java:369)
	at com.zaxxer.hikari.pool.PoolBase.newPoolEntry(PoolBase.java:198)
	at com.zaxxer.hikari.pool.HikariPool.createPoolEntry(HikariPool.java:467)
	at com.zaxxer.hikari.pool.HikariPool.checkFailFast(HikariPool.java:541)
	at com.zaxxer.hikari.pool.HikariPool.<init>(HikariPool.java:115)
	at com.zaxxer.hikari.HikariDataSource.getConnection(HikariDataSource.java:112)
	at org.springframework.jdbc.datasource.DataSourceUtils.fetchConnection(DataSourceUtils.java:157)
	at org.springframework.jdbc.datasource.DataSourceUtils.doGetConnection(DataSourceUtils.java:115)
	at org.springframework.jdbc.datasource.DataSourceUtils.getConnection(DataSourceUtils.java:78)
	at org.mybatis.spring.transaction.SpringManagedTransaction.openConnection(SpringManagedTransaction.java:80)
	at org.mybatis.spring.transaction.SpringManagedTransaction.getConnection(SpringManagedTransaction.java:67)
	at org.apache.ibatis.executor.BaseExecutor.getConnection(BaseExecutor.java:336)
	at org.apache.ibatis.executor.SimpleExecutor.prepareStatement(SimpleExecutor.java:85)
	at org.apache.ibatis.executor.SimpleExecutor.doQuery(SimpleExecutor.java:62)
	at org.apache.ibatis.executor.BaseExecutor.queryFromDatabase(BaseExecutor.java:324)
	at org.apache.ibatis.executor.BaseExecutor.query(BaseExecutor.java:156)
	at org.apache.ibatis.executor.CachingExecutor.query(CachingExecutor.java:109)
	at com.github.pagehelper.PageInterceptor.intercept(PageInterceptor.java:108)
	at org.apache.ibatis.plugin.Plugin.invoke(Plugin.java:61)
	at com.sun.proxy.$Proxy102.query(Unknown Source)
	at org.apache.ibatis.session.defaults.DefaultSqlSession.selectList(DefaultSqlSession.java:147)
	at org.apache.ibatis.session.defaults.DefaultSqlSession.selectList(DefaultSqlSession.java:140)
	at org.apache.ibatis.session.defaults.DefaultSqlSession.selectOne(DefaultSqlSession.java:76)
	at sun.reflect.NativeMethodAccessorImpl.invoke0(Native Method)
	at sun.reflect.NativeMethodAccessorImpl.invoke(NativeMethodAccessorImpl.java:62)
	at sun.reflect.DelegatingMethodAccessorImpl.invoke(DelegatingMethodAccessorImpl.java:43)
	at java.lang.reflect.Method.invoke(Method.java:498)
	at org.mybatis.spring.SqlSessionTemplate$SqlSessionInterceptor.invoke(SqlSessionTemplate.java:426)
	at com.sun.proxy.$Proxy64.selectOne(Unknown Source)
	at org.mybatis.spring.SqlSessionTemplate.selectOne(SqlSessionTemplate.java:159)
	at org.apache.ibatis.binding.MapperMethod.execute(MapperMethod.java:87)
	at org.apache.ibatis.binding.MapperProxy.invoke(MapperProxy.java:57)
	at com.sun.proxy.$Proxy65.getUserByUserName(Unknown Source)
	at com.mindskip.xzs.service.impl.UserServiceImpl.getUserByUserName(UserServiceImpl.java:48)
	at sun.reflect.NativeMethodAccessorImpl.invoke0(Native Method)
	at sun.reflect.NativeMethodAccessorImpl.invoke(NativeMethodAccessorImpl.java:62)
	at sun.reflect.DelegatingMethodAccessorImpl.invoke(DelegatingMethodAccessorImpl.java:43)
	at java.lang.reflect.Method.invoke(Method.java:498)
	at org.springframework.aop.support.AopUtils.invokeJoinpointUsingReflection(AopUtils.java:343)
	at org.springframework.aop.framework.JdkDynamicAopProxy.invoke(JdkDynamicAopProxy.java:205)
	at com.sun.proxy.$Proxy68.getUserByUserName(Unknown Source)
	at com.mindskip.xzs.configuration.spring.security.RestAuthenticationProvider.authenticate(RestAuthenticationProvider.java:57)
	at org.springframework.security.authentication.ProviderManager.authenticate(ProviderManager.java:175)
	at org.springframework.security.config.annotation.web.configuration.WebSecurityConfigurerAdapter$AuthenticationManagerDelegator.authenticate(WebSecurityConfigurerAdapter.java:513)
	at com.mindskip.xzs.configuration.spring.security.RestLoginAuthenticationFilter.attemptAuthentication(RestLoginAuthenticationFilter.java:49)
	at org.springframework.security.web.authentication.AbstractAuthenticationProcessingFilter.doFilter(AbstractAuthenticationProcessingFilter.java:212)
	at org.springframework.security.web.FilterChainProxy$VirtualFilterChain.doFilter(FilterChainProxy.java:334)
	at org.springframework.security.web.authentication.logout.LogoutFilter.doFilter(LogoutFilter.java:116)
	at org.springframework.security.web.FilterChainProxy$VirtualFilterChain.doFilter(FilterChainProxy.java:334)
	at org.springframework.web.filter.CorsFilter.doFilterInternal(CorsFilter.java:96)
	at org.springframework.web.filter.OncePerRequestFilter.doFilter(OncePerRequestFilter.java:109)
	at org.springframework.security.web.FilterChainProxy$VirtualFilterChain.doFilter(FilterChainProxy.java:334)
	at org.springframework.security.web.header.HeaderWriterFilter.doFilterInternal(HeaderWriterFilter.java:74)
	at org.springframework.web.filter.OncePerRequestFilter.doFilter(OncePerRequestFilter.java:109)
	at org.springframework.security.web.FilterChainProxy$VirtualFilterChain.doFilter(FilterChainProxy.java:334)
	at org.springframework.security.web.context.SecurityContextPersistenceFilter.doFilter(SecurityContextPersistenceFilter.java:105)
	at org.springframework.security.web.FilterChainProxy$VirtualFilterChain.doFilter(FilterChainProxy.java:334)
	at org.springframework.security.web.context.request.async.WebAsyncManagerIntegrationFilter.doFilterInternal(WebAsyncManagerIntegrationFilter.java:56)
	at org.springframework.web.filter.OncePerRequestFilter.doFilter(OncePerRequestFilter.java:109)
	at org.springframework.security.web.FilterChainProxy$VirtualFilterChain.doFilter(FilterChainProxy.java:334)
	at org.springframework.security.web.FilterChainProxy.doFilterInternal(FilterChainProxy.java:215)
	at org.springframework.security.web.FilterChainProxy.doFilter(FilterChainProxy.java:178)
	at org.springframework.web.filter.DelegatingFilterProxy.invokeDelegate(DelegatingFilterProxy.java:357)
	at org.springframework.web.filter.DelegatingFilterProxy.doFilter(DelegatingFilterProxy.java:270)
	at io.undertow.servlet.core.ManagedFilter.doFilter(ManagedFilter.java:61)
	at io.undertow.servlet.handlers.FilterHandler$FilterChainImpl.doFilter(FilterHandler.java:131)
	at org.springframework.web.filter.CharacterEncodingFilter.doFilterInternal(CharacterEncodingFilter.java:200)
	at org.springframework.web.filter.OncePerRequestFilter.doFilter(OncePerRequestFilter.java:109)
	at io.undertow.servlet.core.ManagedFilter.doFilter(ManagedFilter.java:61)
	at io.undertow.servlet.handlers.FilterHandler$FilterChainImpl.doFilter(FilterHandler.java:131)
	at io.undertow.servlet.handlers.FilterHandler.handleRequest(FilterHandler.java:84)
	at io.undertow.servlet.handlers.security.ServletSecurityRoleHandler.handleRequest(ServletSecurityRoleHandler.java:62)
	at io.undertow.servlet.handlers.ServletChain$1.handleRequest(ServletChain.java:68)
	at io.undertow.servlet.handlers.ServletDispatchingHandler.handleRequest(ServletDispatchingHandler.java:36)
	at io.undertow.servlet.handlers.security.SSLInformationAssociationHandler.handleRequest(SSLInformationAssociationHandler.java:132)
	at io.undertow.servlet.handlers.security.ServletAuthenticationCallHandler.handleRequest(ServletAuthenticationCallHandler.java:57)
	at io.undertow.server.handlers.PredicateHandler.handleRequest(PredicateHandler.java:43)
	at io.undertow.security.handlers.AbstractConfidentialityHandler.handleRequest(AbstractConfidentialityHandler.java:46)
	at io.undertow.servlet.handlers.security.ServletConfidentialityConstraintHandler.handleRequest(ServletConfidentialityConstraintHandler.java:64)
	at io.undertow.security.handlers.AuthenticationMechanismsHandler.handleRequest(AuthenticationMechanismsHandler.java:60)
	at io.undertow.servlet.handlers.security.CachedAuthenticatedSessionHandler.handleRequest(CachedAuthenticatedSessionHandler.java:77)
	at io.undertow.security.handlers.AbstractSecurityContextAssociationHandler.handleRequest(AbstractSecurityContextAssociationHandler.java:43)
	at io.undertow.server.handlers.PredicateHandler.handleRequest(PredicateHandler.java:43)
	at io.undertow.server.handlers.PredicateHandler.handleRequest(PredicateHandler.java:43)
	at io.undertow.servlet.handlers.SessionRestoringHandler.handleRequest(SessionRestoringHandler.java:119)
	at io.undertow.servlet.handlers.ServletInitialHandler.handleFirstRequest(ServletInitialHandler.java:292)
	at io.undertow.servlet.handlers.ServletInitialHandler.access$100(ServletInitialHandler.java:81)
	at io.undertow.servlet.handlers.ServletInitialHandler$2.call(ServletInitialHandler.java:138)
	at io.undertow.servlet.handlers.ServletInitialHandler$2.call(ServletInitialHandler.java:135)
	at io.undertow.servlet.core.ServletRequestContextThreadSetupAction$1.call(ServletRequestContextThreadSetupAction.java:48)
	at io.undertow.servlet.core.ContextClassLoaderSetupAction$1.call(ContextClassLoaderSetupAction.java:43)
	at io.undertow.servlet.handlers.ServletInitialHandler.dispatchRequest(ServletInitialHandler.java:272)
	at io.undertow.servlet.handlers.ServletInitialHandler.access$000(ServletInitialHandler.java:81)
	at io.undertow.servlet.handlers.ServletInitialHandler$1.handleRequest(ServletInitialHandler.java:104)
	at io.undertow.server.Connectors.executeRootHandler(Connectors.java:364)
	at io.undertow.server.HttpServerExchange$1.run(HttpServerExchange.java:830)
	at java.util.concurrent.ThreadPoolExecutor.runWorker(ThreadPoolExecutor.java:1149)
	at java.util.concurrent.ThreadPoolExecutor$Worker.run(ThreadPoolExecutor.java:624)
	at java.lang.Thread.run(Thread.java:748)

2023-01-20 19:38:50.125 ERROR 14128 --- [XNIO-1 task-3] io.undertow.request                      : UT005023: Exception handling request to /api/user/login

org.mybatis.spring.MyBatisSystemException: nested exception is org.apache.ibatis.exceptions.PersistenceException: 
### Error querying database.  Cause: org.springframework.jdbc.CannotGetJdbcConnectionException: Failed to obtain JDBC Connection; nested exception is java.sql.SQLException: Access denied for user 'root'@'localhost' (using password: YES)
### The error may exist in file [D:\IntelliJ IDEA 2021.1.1\projects\xzs-mysql-master\xzs-mysql-master\source\xzs\target\classes\mapper\UserMapper.xml]
### The error may involve com.mindskip.xzs.repository.UserMapper.getUserByUserName
### The error occurred while executing a query
### Cause: org.springframework.jdbc.CannotGetJdbcConnectionException: Failed to obtain JDBC Connection; nested exception is java.sql.SQLException: Access denied for user 'root'@'localhost' (using password: YES)
	at org.mybatis.spring.MyBatisExceptionTranslator.translateExceptionIfPossible(MyBatisExceptionTranslator.java:78)
	at org.mybatis.spring.SqlSessionTemplate$SqlSessionInterceptor.invoke(SqlSessionTemplate.java:440)
	at com.sun.proxy.$Proxy64.selectOne(Unknown Source)
	at org.mybatis.spring.SqlSessionTemplate.selectOne(SqlSessionTemplate.java:159)
	at org.apache.ibatis.binding.MapperMethod.execute(MapperMethod.java:87)
	at org.apache.ibatis.binding.MapperProxy.invoke(MapperProxy.java:57)
	at com.sun.proxy.$Proxy65.getUserByUserName(Unknown Source)
	at com.mindskip.xzs.service.impl.UserServiceImpl.getUserByUserName(UserServiceImpl.java:48)
	at sun.reflect.NativeMethodAccessorImpl.invoke0(Native Method)
	at sun.reflect.NativeMethodAccessorImpl.invoke(NativeMethodAccessorImpl.java:62)
	at sun.reflect.DelegatingMethodAccessorImpl.invoke(DelegatingMethodAccessorImpl.java:43)
	at java.lang.reflect.Method.invoke(Method.java:498)
	at org.springframework.aop.support.AopUtils.invokeJoinpointUsingReflection(AopUtils.java:343)
	at org.springframework.aop.framework.JdkDynamicAopProxy.invoke(JdkDynamicAopProxy.java:205)
	at com.sun.proxy.$Proxy68.getUserByUserName(Unknown Source)
	at com.mindskip.xzs.configuration.spring.security.RestAuthenticationProvider.authenticate(RestAuthenticationProvider.java:57)
	at org.springframework.security.authentication.ProviderManager.authenticate(ProviderManager.java:175)
	at org.springframework.security.config.annotation.web.configuration.WebSecurityConfigurerAdapter$AuthenticationManagerDelegator.authenticate(WebSecurityConfigurerAdapter.java:513)
	at com.mindskip.xzs.configuration.spring.security.RestLoginAuthenticationFilter.attemptAuthentication(RestLoginAuthenticationFilter.java:49)
	at org.springframework.security.web.authentication.AbstractAuthenticationProcessingFilter.doFilter(AbstractAuthenticationProcessingFilter.java:212)
	at org.springframework.security.web.FilterChainProxy$VirtualFilterChain.doFilter(FilterChainProxy.java:334)
	at org.springframework.security.web.authentication.logout.LogoutFilter.doFilter(LogoutFilter.java:116)
	at org.springframework.security.web.FilterChainProxy$VirtualFilterChain.doFilter(FilterChainProxy.java:334)
	at org.springframework.web.filter.CorsFilter.doFilterInternal(CorsFilter.java:96)
	at org.springframework.web.filter.OncePerRequestFilter.doFilter(OncePerRequestFilter.java:109)
	at org.springframework.security.web.FilterChainProxy$VirtualFilterChain.doFilter(FilterChainProxy.java:334)
	at org.springframework.security.web.header.HeaderWriterFilter.doFilterInternal(HeaderWriterFilter.java:74)
	at org.springframework.web.filter.OncePerRequestFilter.doFilter(OncePerRequestFilter.java:109)
	at org.springframework.security.web.FilterChainProxy$VirtualFilterChain.doFilter(FilterChainProxy.java:334)
	at org.springframework.security.web.context.SecurityContextPersistenceFilter.doFilter(SecurityContextPersistenceFilter.java:105)
	at org.springframework.security.web.FilterChainProxy$VirtualFilterChain.doFilter(FilterChainProxy.java:334)
	at org.springframework.security.web.context.request.async.WebAsyncManagerIntegrationFilter.doFilterInternal(WebAsyncManagerIntegrationFilter.java:56)
	at org.springframework.web.filter.OncePerRequestFilter.doFilter(OncePerRequestFilter.java:109)
	at org.springframework.security.web.FilterChainProxy$VirtualFilterChain.doFilter(FilterChainProxy.java:334)
	at org.springframework.security.web.FilterChainProxy.doFilterInternal(FilterChainProxy.java:215)
	at org.springframework.security.web.FilterChainProxy.doFilter(FilterChainProxy.java:178)
	at org.springframework.web.filter.DelegatingFilterProxy.invokeDelegate(DelegatingFilterProxy.java:357)
	at org.springframework.web.filter.DelegatingFilterProxy.doFilter(DelegatingFilterProxy.java:270)
	at io.undertow.servlet.core.ManagedFilter.doFilter(ManagedFilter.java:61)
	at io.undertow.servlet.handlers.FilterHandler$FilterChainImpl.doFilter(FilterHandler.java:131)
	at org.springframework.web.filter.CharacterEncodingFilter.doFilterInternal(CharacterEncodingFilter.java:200)
	at org.springframework.web.filter.OncePerRequestFilter.doFilter(OncePerRequestFilter.java:109)
	at io.undertow.servlet.core.ManagedFilter.doFilter(ManagedFilter.java:61)
	at io.undertow.servlet.handlers.FilterHandler$FilterChainImpl.doFilter(FilterHandler.java:131)
	at io.undertow.servlet.handlers.FilterHandler.handleRequest(FilterHandler.java:84)
	at io.undertow.servlet.handlers.security.ServletSecurityRoleHandler.handleRequest(ServletSecurityRoleHandler.java:62)
	at io.undertow.servlet.handlers.ServletChain$1.handleRequest(ServletChain.java:68)
	at io.undertow.servlet.handlers.ServletDispatchingHandler.handleRequest(ServletDispatchingHandler.java:36)
	at io.undertow.servlet.handlers.security.SSLInformationAssociationHandler.handleRequest(SSLInformationAssociationHandler.java:132)
	at io.undertow.servlet.handlers.security.ServletAuthenticationCallHandler.handleRequest(ServletAuthenticationCallHandler.java:57)
	at io.undertow.server.handlers.PredicateHandler.handleRequest(PredicateHandler.java:43)
	at io.undertow.security.handlers.AbstractConfidentialityHandler.handleRequest(AbstractConfidentialityHandler.java:46)
	at io.undertow.servlet.handlers.security.ServletConfidentialityConstraintHandler.handleRequest(ServletConfidentialityConstraintHandler.java:64)
	at io.undertow.security.handlers.AuthenticationMechanismsHandler.handleRequest(AuthenticationMechanismsHandler.java:60)
	at io.undertow.servlet.handlers.security.CachedAuthenticatedSessionHandler.handleRequest(CachedAuthenticatedSessionHandler.java:77)
	at io.undertow.security.handlers.AbstractSecurityContextAssociationHandler.handleRequest(AbstractSecurityContextAssociationHandler.java:43)
	at io.undertow.server.handlers.PredicateHandler.handleRequest(PredicateHandler.java:43)
	at io.undertow.server.handlers.PredicateHandler.handleRequest(PredicateHandler.java:43)
	at io.undertow.servlet.handlers.SessionRestoringHandler.handleRequest(SessionRestoringHandler.java:119)
	at io.undertow.servlet.handlers.ServletInitialHandler.handleFirstRequest(ServletInitialHandler.java:292)
	at io.undertow.servlet.handlers.ServletInitialHandler.access$100(ServletInitialHandler.java:81)
	at io.undertow.servlet.handlers.ServletInitialHandler$2.call(ServletInitialHandler.java:138)
	at io.undertow.servlet.handlers.ServletInitialHandler$2.call(ServletInitialHandler.java:135)
	at io.undertow.servlet.core.ServletRequestContextThreadSetupAction$1.call(ServletRequestContextThreadSetupAction.java:48)
	at io.undertow.servlet.core.ContextClassLoaderSetupAction$1.call(ContextClassLoaderSetupAction.java:43)
	at io.undertow.servlet.handlers.ServletInitialHandler.dispatchRequest(ServletInitialHandler.java:272)
	at io.undertow.servlet.handlers.ServletInitialHandler.access$000(ServletInitialHandler.java:81)
	at io.undertow.servlet.handlers.ServletInitialHandler$1.handleRequest(ServletInitialHandler.java:104)
	at io.undertow.server.Connectors.executeRootHandler(Connectors.java:364)
	at io.undertow.server.HttpServerExchange$1.run(HttpServerExchange.java:830)
	at java.util.concurrent.ThreadPoolExecutor.runWorker(ThreadPoolExecutor.java:1149)
	at java.util.concurrent.ThreadPoolExecutor$Worker.run(ThreadPoolExecutor.java:624)
	at java.lang.Thread.run(Thread.java:748)
Caused by: org.apache.ibatis.exceptions.PersistenceException: 
### Error querying database.  Cause: org.springframework.jdbc.CannotGetJdbcConnectionException: Failed to obtain JDBC Connection; nested exception is java.sql.SQLException: Access denied for user 'root'@'localhost' (using password: YES)
### The error may exist in file [D:\IntelliJ IDEA 2021.1.1\projects\xzs-mysql-master\xzs-mysql-master\source\xzs\target\classes\mapper\UserMapper.xml]
### The error may involve com.mindskip.xzs.repository.UserMapper.getUserByUserName
### The error occurred while executing a query
### Cause: org.springframework.jdbc.CannotGetJdbcConnectionException: Failed to obtain JDBC Connection; nested exception is java.sql.SQLException: Access denied for user 'root'@'localhost' (using password: YES)
	at org.apache.ibatis.exceptions.ExceptionFactory.wrapException(ExceptionFactory.java:30)
	at org.apache.ibatis.session.defaults.DefaultSqlSession.selectList(DefaultSqlSession.java:149)
	at org.apache.ibatis.session.defaults.DefaultSqlSession.selectList(DefaultSqlSession.java:140)
	at org.apache.ibatis.session.defaults.DefaultSqlSession.selectOne(DefaultSqlSession.java:76)
	at sun.reflect.NativeMethodAccessorImpl.invoke0(Native Method)
	at sun.reflect.NativeMethodAccessorImpl.invoke(NativeMethodAccessorImpl.java:62)
	at sun.reflect.DelegatingMethodAccessorImpl.invoke(DelegatingMethodAccessorImpl.java:43)
	at java.lang.reflect.Method.invoke(Method.java:498)
	at org.mybatis.spring.SqlSessionTemplate$SqlSessionInterceptor.invoke(SqlSessionTemplate.java:426)
	... 71 common frames omitted
Caused by: org.springframework.jdbc.CannotGetJdbcConnectionException: Failed to obtain JDBC Connection; nested exception is java.sql.SQLException: Access denied for user 'root'@'localhost' (using password: YES)
	at org.springframework.jdbc.datasource.DataSourceUtils.getConnection(DataSourceUtils.java:81)
	at org.mybatis.spring.transaction.SpringManagedTransaction.openConnection(SpringManagedTransaction.java:80)
	at org.mybatis.spring.transaction.SpringManagedTransaction.getConnection(SpringManagedTransaction.java:67)
	at org.apache.ibatis.executor.BaseExecutor.getConnection(BaseExecutor.java:336)
	at org.apache.ibatis.executor.SimpleExecutor.prepareStatement(SimpleExecutor.java:85)
	at org.apache.ibatis.executor.SimpleExecutor.doQuery(SimpleExecutor.java:62)
	at org.apache.ibatis.executor.BaseExecutor.queryFromDatabase(BaseExecutor.java:324)
	at org.apache.ibatis.executor.BaseExecutor.query(BaseExecutor.java:156)
	at org.apache.ibatis.executor.CachingExecutor.query(CachingExecutor.java:109)
	at com.github.pagehelper.PageInterceptor.intercept(PageInterceptor.java:108)
	at org.apache.ibatis.plugin.Plugin.invoke(Plugin.java:61)
	at com.sun.proxy.$Proxy102.query(Unknown Source)
	at org.apache.ibatis.session.defaults.DefaultSqlSession.selectList(DefaultSqlSession.java:147)
	... 78 common frames omitted
Caused by: java.sql.SQLException: Access denied for user 'root'@'localhost' (using password: YES)
	at com.mysql.cj.jdbc.exceptions.SQLError.createSQLException(SQLError.java:129)
	at com.mysql.cj.jdbc.exceptions.SQLError.createSQLException(SQLError.java:97)
	at com.mysql.cj.jdbc.exceptions.SQLExceptionsMapping.translateException(SQLExceptionsMapping.java:122)
	at com.mysql.cj.jdbc.ConnectionImpl.createNewIO(ConnectionImpl.java:827)
	at com.mysql.cj.jdbc.ConnectionImpl.<init>(ConnectionImpl.java:447)
	at com.mysql.cj.jdbc.ConnectionImpl.getInstance(ConnectionImpl.java:237)
	at com.mysql.cj.jdbc.NonRegisteringDriver.connect(NonRegisteringDriver.java:199)
	at com.zaxxer.hikari.util.DriverDataSource.getConnection(DriverDataSource.java:136)
	at com.zaxxer.hikari.pool.PoolBase.newConnection(PoolBase.java:369)
	at com.zaxxer.hikari.pool.PoolBase.newPoolEntry(PoolBase.java:198)
	at com.zaxxer.hikari.pool.HikariPool.createPoolEntry(HikariPool.java:467)
	at com.zaxxer.hikari.pool.HikariPool.checkFailFast(HikariPool.java:541)
	at com.zaxxer.hikari.pool.HikariPool.<init>(HikariPool.java:115)
	at com.zaxxer.hikari.HikariDataSource.getConnection(HikariDataSource.java:112)
	at org.springframework.jdbc.datasource.DataSourceUtils.fetchConnection(DataSourceUtils.java:157)
	at org.springframework.jdbc.datasource.DataSourceUtils.doGetConnection(DataSourceUtils.java:115)
	at org.springframework.jdbc.datasource.DataSourceUtils.getConnection(DataSourceUtils.java:78)
	... 90 common frames omitted

2023-01-20 19:41:41.052  INFO 14828 --- [restartedMain] com.mindskip.xzs.XzsApplication          : Starting XzsApplication on USER-20191206UX with PID 14828 (started by Administrator in D:\IntelliJ IDEA 2021.1.1\projects\xzs-mysql-master\xzs-mysql-master\source\xzs)
2023-01-20 19:41:41.058  INFO 14828 --- [restartedMain] com.mindskip.xzs.XzsApplication          : The following profiles are active: dev
2023-01-20 19:41:41.173  INFO 14828 --- [restartedMain] .e.DevToolsPropertyDefaultsPostProcessor : Devtools property defaults active! Set 'spring.devtools.add-properties' to 'false' to disable
2023-01-20 19:41:41.173  INFO 14828 --- [restartedMain] .e.DevToolsPropertyDefaultsPostProcessor : For additional web related logging consider setting the 'logging.level.web' property to 'DEBUG'
2023-01-20 19:41:43.301  WARN 14828 --- [restartedMain] io.undertow.websockets.jsr               : UT026010: Buffer pool was not set on WebSocketDeploymentInfo, the default pool will be used
2023-01-20 19:41:43.341  INFO 14828 --- [restartedMain] io.undertow.servlet                      : Initializing Spring embedded WebApplicationContext
2023-01-20 19:41:43.341  INFO 14828 --- [restartedMain] o.s.web.context.ContextLoader            : Root WebApplicationContext: initialization completed in 2167 ms
2023-01-20 19:41:44.800  INFO 14828 --- [restartedMain] o.s.s.web.DefaultSecurityFilterChain     : Creating filter chain: any request, [org.springframework.security.web.context.request.async.WebAsyncManagerIntegrationFilter@5b888df, org.springframework.security.web.context.SecurityContextPersistenceFilter@3d04503f, org.springframework.security.web.header.HeaderWriterFilter@7ae8f5c9, org.springframework.web.filter.CorsFilter@be81dbe, org.springframework.security.web.authentication.logout.LogoutFilter@4f7ea3b6, com.mindskip.xzs.configuration.spring.security.RestLoginAuthenticationFilter@14ee8263, org.springframework.security.web.authentication.UsernamePasswordAuthenticationFilter@7cc8a0dc, org.springframework.security.web.savedrequest.RequestCacheAwareFilter@6efb9625, org.springframework.security.web.servletapi.SecurityContextHolderAwareRequestFilter@2e80d52d, org.springframework.security.web.authentication.rememberme.RememberMeAuthenticationFilter@4ada5eea, org.springframework.security.web.authentication.AnonymousAuthenticationFilter@6a5f5955, org.springframework.security.web.session.SessionManagementFilter@6310a68e, org.springframework.security.web.access.ExceptionTranslationFilter@679cf2d0, org.springframework.security.web.access.intercept.FilterSecurityInterceptor@591c9f5f]
2023-01-20 19:41:45.262  INFO 14828 --- [restartedMain] o.s.b.d.a.OptionalLiveReloadServer       : LiveReload server is running on port 35729
2023-01-20 19:41:45.323  INFO 14828 --- [restartedMain] org.xnio                                 : XNIO version 3.3.8.Final
2023-01-20 19:41:45.335  INFO 14828 --- [restartedMain] org.xnio.nio                             : XNIO NIO Implementation Version 3.3.8.Final
2023-01-20 19:41:45.410  INFO 14828 --- [restartedMain] o.s.b.w.e.u.UndertowServletWebServer     : Undertow started on port(s) 8000 (http) with context path ''
2023-01-20 19:41:45.414  INFO 14828 --- [restartedMain] com.mindskip.xzs.XzsApplication          : Started XzsApplication in 6.066 seconds (JVM running for 8.715)
2023-01-20 19:42:57.394  INFO 14828 --- [XNIO-1 task-1] io.undertow.servlet                      : Initializing Spring DispatcherServlet 'dispatcherServlet'
2023-01-20 19:42:57.394  INFO 14828 --- [XNIO-1 task-1] o.s.web.servlet.DispatcherServlet        : Initializing Servlet 'dispatcherServlet'
2023-01-20 19:42:57.416  INFO 14828 --- [XNIO-1 task-1] o.s.web.servlet.DispatcherServlet        : Completed initialization in 21 ms
2023-01-20 19:43:05.119  INFO 14828 --- [XNIO-1 task-2] com.zaxxer.hikari.HikariDataSource       : HikariPool-1 - Starting...
2023-01-20 19:43:05.412  INFO 14828 --- [XNIO-1 task-2] com.zaxxer.hikari.HikariDataSource       : HikariPool-1 - Start completed.
2023-01-20 19:43:05.426 DEBUG 14828 --- [XNIO-1 task-2] r.c.m.x.r.UserMapper.getUserByUserName   : ==>  Preparing: select id, user_uuid, user_name, password, real_name, age, sex, birth_day, user_level, phone, role, status, image_path, create_time, modify_time, last_active_time, deleted, wx_open_id from t_user where deleted=0 and user_name=? limit 1 
2023-01-20 19:43:05.465 DEBUG 14828 --- [XNIO-1 task-2] r.c.m.x.r.UserMapper.getUserByUserName   : ==> Parameters: admin(String)
2023-01-20 19:43:05.505 DEBUG 14828 --- [XNIO-1 task-2] r.c.m.x.r.UserMapper.getUserByUserName   : <==      Total: 1
2023-01-20 19:43:06.394 DEBUG 14828 --- [XNIO-1 task-2] r.c.m.x.r.UserMapper.getUserByUserName   : ==>  Preparing: select id, user_uuid, user_name, password, real_name, age, sex, birth_day, user_level, phone, role, status, image_path, create_time, modify_time, last_active_time, deleted, wx_open_id from t_user where deleted=0 and user_name=? limit 1 
2023-01-20 19:43:06.394 DEBUG 14828 --- [XNIO-1 task-2] r.c.m.x.r.UserMapper.getUserByUserName   : ==> Parameters: admin(String)
2023-01-20 19:43:06.396 DEBUG 14828 --- [XNIO-1 task-2] r.c.m.x.r.UserMapper.getUserByUserName   : <==      Total: 1
2023-01-20 19:43:06.399 DEBUG 14828 --- [XNIO-1 task-2] r.c.m.x.r.UserMapper.getUserByUserName   : ==>  Preparing: select id, user_uuid, user_name, password, real_name, age, sex, birth_day, user_level, phone, role, status, image_path, create_time, modify_time, last_active_time, deleted, wx_open_id from t_user where deleted=0 and user_name=? limit 1 
2023-01-20 19:43:06.399 DEBUG 14828 --- [XNIO-1 task-2] r.c.m.x.r.UserMapper.getUserByUserName   : ==> Parameters: admin(String)
2023-01-20 19:43:06.401 DEBUG 14828 --- [XNIO-1 task-2] r.c.m.x.r.UserMapper.getUserByUserName   : <==      Total: 1
2023-01-20 19:43:06.424 DEBUG 14828 --- [XNIO-1 task-2] r.c.m.x.r.U.insertSelective              : ==>  Preparing: insert into t_user_event_log ( user_id, user_name, real_name, content, create_time ) values ( ?, ?, ?, ?, ? ) 
2023-01-20 19:43:06.449 DEBUG 14828 --- [XNIO-1 task-2] r.c.m.x.r.U.insertSelective              : ==> Parameters: 2(Integer), admin(String), 管理员(String), admin 登录了学之思开源考试系统(String), 2023-01-20 19:43:06.402(Timestamp)
2023-01-20 19:43:06.467 DEBUG 14828 --- [XNIO-1 task-2] r.c.m.x.r.U.insertSelective              : <==    Updates: 1
2023-01-20 19:43:06.940 DEBUG 14828 --- [XNIO-1 task-3] r.c.m.x.r.E.selectAllCount               : ==>  Preparing: SELECT count(*) from t_exam_paper where deleted=0 
2023-01-20 19:43:06.941 DEBUG 14828 --- [XNIO-1 task-3] r.c.m.x.r.E.selectAllCount               : ==> Parameters: 
2023-01-20 19:43:06.944 DEBUG 14828 --- [XNIO-1 task-3] r.c.m.x.r.E.selectAllCount               : <==      Total: 1
2023-01-20 19:43:06.944 DEBUG 14828 --- [XNIO-1 task-3] r.c.m.x.r.QuestionMapper.selectAllCount  : ==>  Preparing: SELECT count(*) from t_question where deleted=0 
2023-01-20 19:43:06.945 DEBUG 14828 --- [XNIO-1 task-3] r.c.m.x.r.QuestionMapper.selectAllCount  : ==> Parameters: 
2023-01-20 19:43:06.949 DEBUG 14828 --- [XNIO-1 task-3] r.c.m.x.r.QuestionMapper.selectAllCount  : <==      Total: 1
2023-01-20 19:43:06.950 DEBUG 14828 --- [XNIO-1 task-3] r.c.m.x.r.E.selectAllCount               : ==>  Preparing: SELECT count(*) from t_exam_paper_answer 
2023-01-20 19:43:06.951 DEBUG 14828 --- [XNIO-1 task-3] r.c.m.x.r.E.selectAllCount               : ==> Parameters: 
2023-01-20 19:43:06.952 DEBUG 14828 --- [XNIO-1 task-3] r.c.m.x.r.E.selectAllCount               : <==      Total: 1
2023-01-20 19:43:06.952 DEBUG 14828 --- [XNIO-1 task-3] r.c.m.x.r.E.selectAllCount               : ==>  Preparing: SELECT count(*) from t_exam_paper_question_customer_answer 
2023-01-20 19:43:06.953 DEBUG 14828 --- [XNIO-1 task-3] r.c.m.x.r.E.selectAllCount               : ==> Parameters: 
2023-01-20 19:43:06.955 DEBUG 14828 --- [XNIO-1 task-3] r.c.m.x.r.E.selectAllCount               : <==      Total: 1
2023-01-20 19:43:06.961 DEBUG 14828 --- [XNIO-1 task-3] r.c.m.x.r.U.selectCountByDate            : ==>  Preparing: SELECT create_time as name,COUNT(create_time) as value from ( SELECT DATE_FORMAT(create_time,'%Y-%m-%d') as create_time from t_user_event_log WHERE create_time between ? and ? ) a GROUP BY create_time 
2023-01-20 19:43:06.961 DEBUG 14828 --- [XNIO-1 task-3] r.c.m.x.r.U.selectCountByDate            : ==> Parameters: 2023-01-01 00:00:00.0(Timestamp), 2023-01-31 23:59:59.0(Timestamp)
2023-01-20 19:43:06.965 DEBUG 14828 --- [XNIO-1 task-3] r.c.m.x.r.U.selectCountByDate            : <==      Total: 1
2023-01-20 19:43:06.969 DEBUG 14828 --- [XNIO-1 task-3] r.c.m.x.r.E.selectCountByDate            : ==>  Preparing: SELECT create_time as name,COUNT(create_time) as value from ( SELECT DATE_FORMAT(create_time,'%Y-%m-%d') as create_time from t_exam_paper_question_customer_answer WHERE create_time between ? and ? ) a GROUP BY create_time 
2023-01-20 19:43:06.969 DEBUG 14828 --- [XNIO-1 task-3] r.c.m.x.r.E.selectCountByDate            : ==> Parameters: 2023-01-01 00:00:00.0(Timestamp), 2023-01-31 23:59:59.0(Timestamp)
2023-01-20 19:43:06.970 DEBUG 14828 --- [XNIO-1 task-3] r.c.m.x.r.E.selectCountByDate            : <==      Total: 0
2023-01-20 19:43:14.210 DEBUG 14828 --- [XNIO-1 task-4] r.c.m.x.r.UserMapper.userPage_COUNT      : ==>  Preparing: SELECT count(0) FROM t_user WHERE deleted = 0 AND role = ? 
2023-01-20 19:43:14.211 DEBUG 14828 --- [XNIO-1 task-4] r.c.m.x.r.UserMapper.userPage_COUNT      : ==> Parameters: 3(Integer)
2023-01-20 19:43:14.213 DEBUG 14828 --- [XNIO-1 task-4] r.c.m.x.r.UserMapper.userPage_COUNT      : <==      Total: 1
2023-01-20 19:43:14.220 DEBUG 14828 --- [XNIO-1 task-4] r.c.m.x.repository.UserMapper.userPage   : ==>  Preparing: SELECT id, user_uuid, user_name, password, real_name, age, sex, birth_day, user_level, phone, role, status, image_path, create_time, modify_time, last_active_time, deleted, wx_open_id FROM t_user WHERE deleted = 0 AND role = ? order by id desc LIMIT ? 
2023-01-20 19:43:14.221 DEBUG 14828 --- [XNIO-1 task-4] r.c.m.x.repository.UserMapper.userPage   : ==> Parameters: 3(Integer), 10(Integer)
2023-01-20 19:43:14.222 DEBUG 14828 --- [XNIO-1 task-4] r.c.m.x.repository.UserMapper.userPage   : <==      Total: 1
2023-01-20 19:43:15.760 DEBUG 14828 --- [XNIO-1 task-5] r.c.m.x.r.UserMapper.userPage_COUNT      : ==>  Preparing: SELECT count(0) FROM t_user WHERE deleted = 0 AND role = ? 
2023-01-20 19:43:15.760 DEBUG 14828 --- [XNIO-1 task-5] r.c.m.x.r.UserMapper.userPage_COUNT      : ==> Parameters: 1(Integer)
2023-01-20 19:43:15.761 DEBUG 14828 --- [XNIO-1 task-5] r.c.m.x.r.UserMapper.userPage_COUNT      : <==      Total: 1
2023-01-20 19:43:15.762 DEBUG 14828 --- [XNIO-1 task-5] r.c.m.x.repository.UserMapper.userPage   : ==>  Preparing: SELECT id, user_uuid, user_name, password, real_name, age, sex, birth_day, user_level, phone, role, status, image_path, create_time, modify_time, last_active_time, deleted, wx_open_id FROM t_user WHERE deleted = 0 AND role = ? order by id desc LIMIT ? 
2023-01-20 19:43:15.763 DEBUG 14828 --- [XNIO-1 task-5] r.c.m.x.repository.UserMapper.userPage   : ==> Parameters: 1(Integer), 10(Integer)
2023-01-20 19:43:15.764 DEBUG 14828 --- [XNIO-1 task-5] r.c.m.x.repository.UserMapper.userPage   : <==      Total: 1
2023-01-20 19:51:39.669 DEBUG 14828 --- [XNIO-1 task-6] r.c.m.x.r.UserMapper.userPage_COUNT      : ==>  Preparing: SELECT count(0) FROM t_user WHERE deleted = 0 AND role = ? 
2023-01-20 19:51:39.670 DEBUG 14828 --- [XNIO-1 task-6] r.c.m.x.r.UserMapper.userPage_COUNT      : ==> Parameters: 1(Integer)
2023-01-20 19:51:39.671 DEBUG 14828 --- [XNIO-1 task-6] r.c.m.x.r.UserMapper.userPage_COUNT      : <==      Total: 1
2023-01-20 19:51:39.678 DEBUG 14828 --- [XNIO-1 task-6] r.c.m.x.repository.UserMapper.userPage   : ==>  Preparing: SELECT id, user_uuid, user_name, password, real_name, age, sex, birth_day, user_level, phone, role, status, image_path, create_time, modify_time, last_active_time, deleted, wx_open_id FROM t_user WHERE deleted = 0 AND role = ? order by id desc LIMIT ? 
2023-01-20 19:51:39.679 DEBUG 14828 --- [XNIO-1 task-6] r.c.m.x.repository.UserMapper.userPage   : ==> Parameters: 1(Integer), 10(Integer)
2023-01-20 19:51:39.681 DEBUG 14828 --- [XNIO-1 task-6] r.c.m.x.repository.UserMapper.userPage   : <==      Total: 1
2023-01-20 19:51:45.352 DEBUG 14828 --- [XNIO-1 task-7] r.c.m.x.r.UserMapper.getUserById         : ==>  Preparing: select id, user_uuid, user_name, password, real_name, age, sex, birth_day, user_level, phone, role, status, image_path, create_time, modify_time, last_active_time, deleted, wx_open_id from t_user where id=? 
2023-01-20 19:51:45.353 DEBUG 14828 --- [XNIO-1 task-7] r.c.m.x.r.UserMapper.getUserById         : ==> Parameters: 1(Integer)
2023-01-20 19:51:45.358 DEBUG 14828 --- [XNIO-1 task-7] r.c.m.x.r.UserMapper.getUserById         : <==      Total: 1
2023-01-20 19:51:48.414 DEBUG 14828 --- [XNIO-1 task-8] r.c.m.x.r.UserMapper.userPage_COUNT      : ==>  Preparing: SELECT count(0) FROM t_user WHERE deleted = 0 AND role = ? 
2023-01-20 19:51:48.414 DEBUG 14828 --- [XNIO-1 task-8] r.c.m.x.r.UserMapper.userPage_COUNT      : ==> Parameters: 3(Integer)
2023-01-20 19:51:48.416 DEBUG 14828 --- [XNIO-1 task-8] r.c.m.x.r.UserMapper.userPage_COUNT      : <==      Total: 1
2023-01-20 19:51:48.418 DEBUG 14828 --- [XNIO-1 task-8] r.c.m.x.repository.UserMapper.userPage   : ==>  Preparing: SELECT id, user_uuid, user_name, password, real_name, age, sex, birth_day, user_level, phone, role, status, image_path, create_time, modify_time, last_active_time, deleted, wx_open_id FROM t_user WHERE deleted = 0 AND role = ? order by id desc LIMIT ? 
2023-01-20 19:51:48.418 DEBUG 14828 --- [XNIO-1 task-8] r.c.m.x.repository.UserMapper.userPage   : ==> Parameters: 3(Integer), 10(Integer)
2023-01-20 19:51:48.420 DEBUG 14828 --- [XNIO-1 task-8] r.c.m.x.repository.UserMapper.userPage   : <==      Total: 1
2023-01-20 19:51:55.518 DEBUG 14828 --- [XNIO-1 task-9] r.c.m.x.r.UserMapper.userPage_COUNT      : ==>  Preparing: SELECT count(0) FROM t_user WHERE deleted = 0 AND role = ? 
2023-01-20 19:51:55.518 DEBUG 14828 --- [XNIO-1 task-9] r.c.m.x.r.UserMapper.userPage_COUNT      : ==> Parameters: 1(Integer)
2023-01-20 19:51:55.518 DEBUG 14828 --- [XNIO-1 task-9] r.c.m.x.r.UserMapper.userPage_COUNT      : <==      Total: 1
2023-01-20 19:51:55.521 DEBUG 14828 --- [XNIO-1 task-9] r.c.m.x.repository.UserMapper.userPage   : ==>  Preparing: SELECT id, user_uuid, user_name, password, real_name, age, sex, birth_day, user_level, phone, role, status, image_path, create_time, modify_time, last_active_time, deleted, wx_open_id FROM t_user WHERE deleted = 0 AND role = ? order by id desc LIMIT ? 
2023-01-20 19:51:55.522 DEBUG 14828 --- [XNIO-1 task-9] r.c.m.x.repository.UserMapper.userPage   : ==> Parameters: 1(Integer), 10(Integer)
2023-01-20 19:51:55.522 DEBUG 14828 --- [XNIO-1 task-9] r.c.m.x.repository.UserMapper.userPage   : <==      Total: 1
2023-01-20 19:51:57.717 DEBUG 14828 --- [XNIO-1 task-10] r.c.m.x.r.SubjectMapper.allSubject       : ==>  Preparing: select id, name, level, level_name, item_order, deleted from t_subject 
2023-01-20 19:51:57.718 DEBUG 14828 --- [XNIO-1 task-10] r.c.m.x.r.SubjectMapper.allSubject       : ==> Parameters: 
2023-01-20 19:51:57.722 DEBUG 14828 --- [XNIO-1 task-10] r.c.m.x.r.SubjectMapper.allSubject       : <==      Total: 0
2023-01-20 19:51:57.724 DEBUG 14828 --- [XNIO-1 task-11] r.c.m.x.r.ExamPaperMapper.page_COUNT     : ==>  Preparing: SELECT count(0) FROM t_exam_paper WHERE deleted = 0 
2023-01-20 19:51:57.725 DEBUG 14828 --- [XNIO-1 task-11] r.c.m.x.r.ExamPaperMapper.page_COUNT     : ==> Parameters: 
2023-01-20 19:51:57.726 DEBUG 14828 --- [XNIO-1 task-11] r.c.m.x.r.ExamPaperMapper.page_COUNT     : <==      Total: 1
2023-01-20 19:52:00.156 DEBUG 14828 --- [XNIO-1 task-12] r.c.m.x.r.SubjectMapper.allSubject       : ==>  Preparing: select id, name, level, level_name, item_order, deleted from t_subject 
2023-01-20 19:52:00.156 DEBUG 14828 --- [XNIO-1 task-12] r.c.m.x.r.SubjectMapper.allSubject       : ==> Parameters: 
2023-01-20 19:52:00.157 DEBUG 14828 --- [XNIO-1 task-12] r.c.m.x.r.SubjectMapper.allSubject       : <==      Total: 0
2023-01-20 19:52:00.164 DEBUG 14828 --- [XNIO-1 task-13] r.c.m.x.r.QuestionMapper.page_COUNT      : ==>  Preparing: SELECT count(0) FROM t_question WHERE deleted = 0 
2023-01-20 19:52:00.165 DEBUG 14828 --- [XNIO-1 task-13] r.c.m.x.r.QuestionMapper.page_COUNT      : ==> Parameters: 
2023-01-20 19:52:00.166 DEBUG 14828 --- [XNIO-1 task-13] r.c.m.x.r.QuestionMapper.page_COUNT      : <==      Total: 1
2023-01-20 19:52:03.403 DEBUG 14828 --- [XNIO-1 task-14] r.c.m.x.r.TaskExamMapper.page_COUNT      : ==>  Preparing: SELECT count(0) FROM t_task_exam WHERE deleted = 0 
2023-01-20 19:52:03.403 DEBUG 14828 --- [XNIO-1 task-14] r.c.m.x.r.TaskExamMapper.page_COUNT      : ==> Parameters: 
2023-01-20 19:52:03.408 DEBUG 14828 --- [XNIO-1 task-14] r.c.m.x.r.TaskExamMapper.page_COUNT      : <==      Total: 1
2023-01-20 19:52:03.543 DEBUG 14828 --- [XNIO-1 task-15] r.c.m.x.r.SubjectMapper.allSubject       : ==>  Preparing: select id, name, level, level_name, item_order, deleted from t_subject 
2023-01-20 19:52:03.543 DEBUG 14828 --- [XNIO-1 task-15] r.c.m.x.r.SubjectMapper.allSubject       : ==> Parameters: 
2023-01-20 19:52:03.544 DEBUG 14828 --- [XNIO-1 task-15] r.c.m.x.r.SubjectMapper.allSubject       : <==      Total: 0
2023-01-20 19:52:26.871 DEBUG 14828 --- [XNIO-1 task-16] r.c.m.x.r.UserMapper.getUserByUserName   : ==>  Preparing: select id, user_uuid, user_name, password, real_name, age, sex, birth_day, user_level, phone, role, status, image_path, create_time, modify_time, last_active_time, deleted, wx_open_id from t_user where deleted=0 and user_name=? limit 1 
2023-01-20 19:52:26.871 DEBUG 14828 --- [XNIO-1 task-16] r.c.m.x.r.UserMapper.getUserByUserName   : ==> Parameters: admin(String)
2023-01-20 19:52:26.872 DEBUG 14828 --- [XNIO-1 task-16] r.c.m.x.r.UserMapper.getUserByUserName   : <==      Total: 1
2023-01-20 19:52:45.240 DEBUG 14828 --- [XNIO-1 task-17] r.c.m.x.r.UserMapper.userPage_COUNT      : ==>  Preparing: SELECT count(0) FROM t_user WHERE deleted = 0 AND role = ? 
2023-01-20 19:52:45.240 DEBUG 14828 --- [XNIO-1 task-17] r.c.m.x.r.UserMapper.userPage_COUNT      : ==> Parameters: 3(Integer)
2023-01-20 19:52:45.241 DEBUG 14828 --- [XNIO-1 task-17] r.c.m.x.r.UserMapper.userPage_COUNT      : <==      Total: 1
2023-01-20 19:52:45.243 DEBUG 14828 --- [XNIO-1 task-17] r.c.m.x.repository.UserMapper.userPage   : ==>  Preparing: SELECT id, user_uuid, user_name, password, real_name, age, sex, birth_day, user_level, phone, role, status, image_path, create_time, modify_time, last_active_time, deleted, wx_open_id FROM t_user WHERE deleted = 0 AND role = ? order by id desc LIMIT ? 
2023-01-20 19:52:45.243 DEBUG 14828 --- [XNIO-1 task-17] r.c.m.x.repository.UserMapper.userPage   : ==> Parameters: 3(Integer), 10(Integer)
2023-01-20 19:52:45.244 DEBUG 14828 --- [XNIO-1 task-17] r.c.m.x.repository.UserMapper.userPage   : <==      Total: 1
2023-01-20 19:52:46.117 DEBUG 14828 --- [XNIO-1 task-18] r.c.m.x.r.UserMapper.getUserByUserName   : ==>  Preparing: select id, user_uuid, user_name, password, real_name, age, sex, birth_day, user_level, phone, role, status, image_path, create_time, modify_time, last_active_time, deleted, wx_open_id from t_user where deleted=0 and user_name=? limit 1 
2023-01-20 19:52:46.117 DEBUG 14828 --- [XNIO-1 task-18] r.c.m.x.r.UserMapper.getUserByUserName   : ==> Parameters: admin(String)
2023-01-20 19:52:46.117 DEBUG 14828 --- [XNIO-1 task-18] r.c.m.x.r.UserMapper.getUserByUserName   : <==      Total: 1
2023-01-20 19:52:53.244 DEBUG 14828 --- [XNIO-1 task-19] r.c.m.x.r.SubjectMapper.allSubject       : ==>  Preparing: select id, name, level, level_name, item_order, deleted from t_subject 
2023-01-20 19:52:53.245 DEBUG 14828 --- [XNIO-1 task-19] r.c.m.x.r.SubjectMapper.allSubject       : ==> Parameters: 
2023-01-20 19:52:53.245 DEBUG 14828 --- [XNIO-1 task-19] r.c.m.x.r.SubjectMapper.allSubject       : <==      Total: 0
2023-01-20 19:52:56.963 DEBUG 14828 --- [XNIO-1 task-20] r.c.m.x.r.UserMapper.getUserByUserName   : ==>  Preparing: select id, user_uuid, user_name, password, real_name, age, sex, birth_day, user_level, phone, role, status, image_path, create_time, modify_time, last_active_time, deleted, wx_open_id from t_user where deleted=0 and user_name=? limit 1 
2023-01-20 19:52:56.963 DEBUG 14828 --- [XNIO-1 task-20] r.c.m.x.r.UserMapper.getUserByUserName   : ==> Parameters: admin(String)
2023-01-20 19:52:56.964 DEBUG 14828 --- [XNIO-1 task-20] r.c.m.x.r.UserMapper.getUserByUserName   : <==      Total: 1
2023-01-20 19:53:05.193  INFO 14828 --- [Thread-18] com.zaxxer.hikari.HikariDataSource       : HikariPool-1 - Shutdown initiated...
2023-01-20 19:53:05.202  INFO 14828 --- [Thread-18] com.zaxxer.hikari.HikariDataSource       : HikariPool-1 - Shutdown completed.
2023-01-20 19:53:05.204  INFO 14828 --- [Thread-18] io.undertow.servlet                      : Destroying Spring FrameworkServlet 'dispatcherServlet'
